<?xml version="1.0" encoding="UTF-8"?>
<testng-results ignored="0" total="1" passed="1" failed="0" skipped="0">
  <reporter-output>
  </reporter-output>
  <suite started-at="2024-08-13T11:54:22 IST" name="Default suite" finished-at="2024-08-13T11:54:28 IST" duration-ms="5735">
    <groups>
    </groups>
    <test started-at="2024-08-13T11:54:22 IST" name="Default test" finished-at="2024-08-13T11:54:28 IST" duration-ms="5735">
      <class name="ninza_hrm.Addproject">
        <test-method signature="postdata()[pri:0, instance:ninza_hrm.Addproject@75d3a5e0]" started-at="2024-08-13T11:54:22 IST" name="postdata" finished-at="2024-08-13T11:54:28 IST" duration-ms="5662" status="PASS">
          <reporter-output>
          </reporter-output>
        </test-method> <!-- postdata -->
      </class> <!-- ninza_hrm.Addproject -->
    </test> <!-- Default test -->
  </suite> <!-- Default suite -->
</testng-results>
